2018/04/07 04:27:48 [error] [exception.CDbException] SQLSTATE[HY000] [1045] Access denied for user 'sirep'@'localhost' (using password: YES)
2018/04/07 04:27:48 [error] [exception.CDbException] exception 'CDbException' with message 'CDbConnection failed to open the DB connection.' in /home/sirep/public_html/yii/framework/db/CDbConnection.php:405
Stack trace:
#0 /home/sirep/public_html/yii/framework/db/CDbConnection.php(347): CDbConnection->open()
#1 /home/sirep/public_html/yii/framework/db/CDbConnection.php(325): CDbConnection->setActive(true)
#2 /home/sirep/public_html/yii/framework/base/CModule.php(394): CDbConnection->init()
#3 /home/sirep/public_html/yii/framework/base/CApplication.php(459): CModule->getComponent('db')
#4 /home/sirep/public_html/yii/framework/db/ar/CActiveRecord.php(639): CApplication->getDb()
#5 /home/sirep/public_html/yii/framework/db/ar/CActiveRecord.php(1436): CActiveRecord->getDbConnection()
#6 /home/sirep/public_html/yii/framework/db/ar/CActiveRecord.php(1492): CActiveRecord->getTableAlias(true)
#7 /home/sirep/public_html/sirep/protected/modules/cruge/models/data/CrugeSession.php(90): CActiveRecord->findByPk('0')
#8 /home/sirep/public_html/sirep/protected/modules/cruge/components/CrugeFactory.php(46): CrugeSession::loadModel('0')
#9 /home/sirep/public_html/sirep/protected/modules/cruge/components/CrugeUserManager.php(412): CrugeFactory->getICrugeSession('0')
#10 /home/sirep/public_html/sirep/protected/modules/cruge/components/CrugeWebUser.php(451): CrugeUserManager->loadSession('0')
#11 /home/sirep/public_html/sirep/protected/modules/cruge/components/CrugeWebUser.php(229): CrugeWebUser->getICrugeSession()
#12 /home/sirep/public_html/sirep/protected/modules/cruge/components/CrugeWebUser.php(242): CrugeWebUser->getId()
#13 /home/sirep/public_html/yii/framework/web/auth/CWebUser.php(201): CrugeWebUser->getIsGuest()
#14 /home/sirep/public_html/sirep/protected/modules/cruge/components/CrugeWebUser.php(45): CWebUser->init()
#15 /home/sirep/public_html/yii/framework/base/CModule.php(394): CrugeWebUser->init()
#16 /home/sirep/public_html/yii/framework/base/CModule.php(103): CModule->getComponent('user')
#17 /home/sirep/public_html/sirep/themes/business3/views/layouts/main.php(33): CModule->__get('user')
#18 /home/sirep/public_html/yii/framework/web/CBaseController.php(126): require('/home/sirep/pub...')
#19 /home/sirep/public_html/yii/framework/web/CBaseController.php(95): CBaseController->renderInternal('/home/sirep/pub...', Array, true)
#20 /home/sirep/public_html/yii/framework/web/widgets/CContentDecorator.php(76): CBaseController->renderFile('/home/sirep/pub...', Array, true)
#21 /home/sirep/public_html/yii/framework/web/widgets/CContentDecorator.php(54): CContentDecorator->decorate('<div id="conten...')
#22 /home/sirep/public_html/yii/framework/web/widgets/COutputProcessor.php(44): CContentDecorator->processOutput('<div id="conten...')
#23 /home/sirep/public_html/yii/framework/web/CBaseController.php(215): COutputProcessor->run()
#24 /home/sirep/public_html/yii/framework/web/CBaseController.php(309): CBaseController->endWidget('CContentDecorat...')
#25 /home/sirep/public_html/sirep/protected/views/layouts/column1.php(6): CBaseController->endContent()
#26 /home/sirep/public_html/yii/framework/web/CBaseController.php(126): require('/home/sirep/pub...')
#27 /home/sirep/public_html/yii/framework/web/CBaseController.php(95): CBaseController->renderInternal('/home/sirep/pub...', Array, true)
#28 /home/sirep/public_html/yii/framework/web/CController.php(787): CBaseController->renderFile('/home/sirep/pub...', Array, true)
#29 /home/sirep/public_html/sirep/protected/controllers/SiteController.php(32): CController->render('index')
#30 /home/sirep/public_html/yii/framework/web/actions/CInlineAction.php(49): SiteController->actionIndex()
#31 /home/sirep/public_html/yii/framework/web/CController.php(308): CInlineAction->runWithParams(Array)
#32 /home/sirep/public_html/yii/framework/web/CController.php(286): CController->runAction(Object(CInlineAction))
#33 /home/sirep/public_html/yii/framework/web/CController.php(265): CController->runActionWithFilters(Object(CInlineAction), Array)
#34 /home/sirep/public_html/yii/framework/web/CWebApplication.php(282): CController->run('')
#35 /home/sirep/public_html/yii/framework/web/CWebApplication.php(141): CWebApplication->runController('')
#36 /home/sirep/public_html/yii/framework/base/CApplication.php(185): CWebApplication->processRequest()
#37 /home/sirep/public_html/sirep/index.php(13): CApplication->run()
#38 {main}
REQUEST_URI=/~sirep/sirep/
---
2018/04/07 04:27:48 [error] [exception.CDbException] SQLSTATE[HY000] [1045] Access denied for user 'sirep'@'localhost' (using password: YES)
2018/04/07 04:28:40 [error] [application] UiController
CrugeUser->validate es false
<div class="errorSummary"><p>Por favor corrija los siguientes errores de ingreso:</p>
<ul>
<li>clave invalida</li>
</ul></div>
2018/04/07 04:28:54 [error] [system.db.CDbCommand] CDbCommand::fetchAll() falló: SQLSTATE[42S02]: Base table or view not found: 1146 Table 'sirep_app.MZGTAUTORES' doesn't exist. La sentencia SQL ejecutada fue: SELECT PK_MZGTBANCOAUTORES, CONCAT_WS(' ',MZGTBANCOAUTORES_APELLIDO_PATERNO,MZGTBANCOAUTORES_APELLIDO_MATERNO,MZGTBANCOAUTORES_PRIMER_NOMBRE,MZGTBANCOAUTORES_SEGUNDO_NOMBRE) as MZGTBANCOAUTORES_APELLIDO_PATERNO FROM `mzgtbancoautores` `t` WHERE PK_MZGTBANCOAUTORES not in (SELECT PK_MZGTBANCOAUTORES from MZGTAUTORES where PK_MZGTPUBLICACIONES = 0) ORDER BY MZGTBANCOAUTORES_APELLIDO_PATERNO.
2018/04/07 04:28:54 [error] [exception.CDbException] exception 'CDbException' with message 'CDbCommand falló al ejecutar la sentencia SQL: SQLSTATE[42S02]: Base table or view not found: 1146 Table 'sirep_app.MZGTAUTORES' doesn't exist' in /home/sirep/public_html/yii/framework/db/CDbCommand.php:543
Stack trace:
#0 /home/sirep/public_html/yii/framework/db/CDbCommand.php(396): CDbCommand->queryInternal('fetchAll', Array, Array)
#1 /home/sirep/public_html/yii/framework/db/ar/CActiveRecord.php(1359): CDbCommand->queryAll()
#2 /home/sirep/public_html/yii/framework/db/ar/CActiveRecord.php(1478): CActiveRecord->query(Object(CDbCriteria), true)
#3 /home/sirep/public_html/sirep/protected/models/Mzgtbancoautores.php(85): CActiveRecord->findAll(Array)
#4 /home/sirep/public_html/sirep/protected/views/mzgtpublicaciones/_form.php(278): Mzgtbancoautores->findBancoAutoresPorNoPublicacion(0)
#5 /home/sirep/public_html/yii/framework/web/CBaseController.php(126): require('/home/sirep/pub...')
#6 /home/sirep/public_html/yii/framework/web/CBaseController.php(95): CBaseController->renderInternal('/home/sirep/pub...', Array, true)
#7 /home/sirep/public_html/yii/framework/web/CController.php(872): CBaseController->renderFile('/home/sirep/pub...', Array, true)
#8 /home/sirep/public_html/sirep/protected/views/mzgtpublicaciones/create.php(21): CController->renderPartial('_form', Array)
#9 /home/sirep/public_html/yii/framework/web/CBaseController.php(126): require('/home/sirep/pub...')
#10 /home/sirep/public_html/yii/framework/web/CBaseController.php(95): CBaseController->renderInternal('/home/sirep/pub...', Array, true)
#11 /home/sirep/public_html/yii/framework/web/CController.php(872): CBaseController->renderFile('/home/sirep/pub...', Array, true)
#12 /home/sirep/public_html/yii/framework/web/CController.php(785): CController->renderPartial('create', Array, true)
#13 /home/sirep/public_html/sirep/protected/controllers/MzgtpublicacionesController.php(43): CController->render('create', Array)
#14 /home/sirep/public_html/yii/framework/web/actions/CInlineAction.php(49): MzgtpublicacionesController->actionCreate()
#15 /home/sirep/public_html/yii/framework/web/CController.php(308): CInlineAction->runWithParams(Array)
#16 /home/sirep/public_html/yii/framework/web/CController.php(286): CController->runAction(Object(CInlineAction))
#17 /home/sirep/public_html/yii/framework/web/CController.php(265): CController->runActionWithFilters(Object(CInlineAction), Array)
#18 /home/sirep/public_html/yii/framework/web/CWebApplication.php(282): CController->run('create')
#19 /home/sirep/public_html/yii/framework/web/CWebApplication.php(141): CWebApplication->runController('mzgtpublicacion...')
#20 /home/sirep/public_html/yii/framework/base/CApplication.php(185): CWebApplication->processRequest()
#21 /home/sirep/public_html/sirep/index.php(13): CApplication->run()
#22 {main}
REQUEST_URI=/~sirep/sirep/index.php?r=mzgtpublicaciones/create
HTTP_REFERER=http://www5.espe.edu.ec/~sirep/sirep/index.php
---
2018/04/07 04:34:15 [error] [system.db.CDbCommand] CDbCommand::fetchAll() falló: SQLSTATE[42S02]: Base table or view not found: 1146 Table 'sirep_app.MZGTAUTORES' doesn't exist. La sentencia SQL ejecutada fue: SELECT PK_MZGTBANCOAUTORES, CONCAT_WS(' ',MZGTBANCOAUTORES_APELLIDO_PATERNO,MZGTBANCOAUTORES_APELLIDO_MATERNO,MZGTBANCOAUTORES_PRIMER_NOMBRE,MZGTBANCOAUTORES_SEGUNDO_NOMBRE) as MZGTBANCOAUTORES_APELLIDO_PATERNO FROM `mzgtbancoautores` `t` WHERE PK_MZGTBANCOAUTORES not in (SELECT PK_MZGTBANCOAUTORES from MZGTAUTORES where PK_MZGTPUBLICACIONES = 0) ORDER BY MZGTBANCOAUTORES_APELLIDO_PATERNO.
2018/04/07 04:34:15 [error] [exception.CDbException] exception 'CDbException' with message 'CDbCommand falló al ejecutar la sentencia SQL: SQLSTATE[42S02]: Base table or view not found: 1146 Table 'sirep_app.MZGTAUTORES' doesn't exist' in /home/sirep/public_html/yii/framework/db/CDbCommand.php:543
Stack trace:
#0 /home/sirep/public_html/yii/framework/db/CDbCommand.php(396): CDbCommand->queryInternal('fetchAll', Array, Array)
#1 /home/sirep/public_html/yii/framework/db/ar/CActiveRecord.php(1359): CDbCommand->queryAll()
#2 /home/sirep/public_html/yii/framework/db/ar/CActiveRecord.php(1478): CActiveRecord->query(Object(CDbCriteria), true)
#3 /home/sirep/public_html/sirep/protected/models/Mzgtbancoautores.php(85): CActiveRecord->findAll(Array)
#4 /home/sirep/public_html/sirep/protected/views/mzgtpublicaciones/_form.php(278): Mzgtbancoautores->findBancoAutoresPorNoPublicacion(0)
#5 /home/sirep/public_html/yii/framework/web/CBaseController.php(126): require('/home/sirep/pub...')
#6 /home/sirep/public_html/yii/framework/web/CBaseController.php(95): CBaseController->renderInternal('/home/sirep/pub...', Array, true)
#7 /home/sirep/public_html/yii/framework/web/CController.php(872): CBaseController->renderFile('/home/sirep/pub...', Array, true)
#8 /home/sirep/public_html/sirep/protected/views/mzgtpublicaciones/create.php(21): CController->renderPartial('_form', Array)
#9 /home/sirep/public_html/yii/framework/web/CBaseController.php(126): require('/home/sirep/pub...')
#10 /home/sirep/public_html/yii/framework/web/CBaseController.php(95): CBaseController->renderInternal('/home/sirep/pub...', Array, true)
#11 /home/sirep/public_html/yii/framework/web/CController.php(872): CBaseController->renderFile('/home/sirep/pub...', Array, true)
#12 /home/sirep/public_html/yii/framework/web/CController.php(785): CController->renderPartial('create', Array, true)
#13 /home/sirep/public_html/sirep/protected/controllers/MzgtpublicacionesController.php(43): CController->render('create', Array)
#14 /home/sirep/public_html/yii/framework/web/actions/CInlineAction.php(49): MzgtpublicacionesController->actionCreate()
#15 /home/sirep/public_html/yii/framework/web/CController.php(308): CInlineAction->runWithParams(Array)
#16 /home/sirep/public_html/yii/framework/web/CController.php(286): CController->runAction(Object(CInlineAction))
#17 /home/sirep/public_html/yii/framework/web/CController.php(265): CController->runActionWithFilters(Object(CInlineAction), Array)
#18 /home/sirep/public_html/yii/framework/web/CWebApplication.php(282): CController->run('create')
#19 /home/sirep/public_html/yii/framework/web/CWebApplication.php(141): CWebApplication->runController('mzgtpublicacion...')
#20 /home/sirep/public_html/yii/framework/base/CApplication.php(185): CWebApplication->processRequest()
#21 /home/sirep/public_html/sirep/index.php(13): CApplication->run()
#22 {main}
REQUEST_URI=/~sirep/sirep/index.php?r=mzgtpublicaciones/create
HTTP_REFERER=http://www5.espe.edu.ec/~sirep/sirep/index.php
---
2018/04/09 13:09:26 [warning] [application] CrugeFactory::getICrugeStoredUser
 **NO HALLADO** PabloRamos
2018/04/09 13:09:26 [warning] [application] CrugeFactory::getICrugeStoredUser
 **NO HALLADO** PabloRamos
2018/04/09 13:09:26 [error] [application] UiController
CrugeUser->validate es false
<div class="errorSummary"><p>Por favor corrija los siguientes errores de ingreso:</p>
<ul>
<li>el usuario no fue hallado</li>
<li>usuario o correo invalido</li>
</ul></div>
2018/04/09 13:09:38 [warning] [application] CrugeFactory::getICrugeStoredUser
 **NO HALLADO** Pablo Ramos
2018/04/09 13:09:38 [warning] [application] CrugeFactory::getICrugeStoredUser
 **NO HALLADO** Pablo Ramos
2018/04/09 13:09:38 [error] [application] UiController
CrugeUser->validate es false
<div class="errorSummary"><p>Por favor corrija los siguientes errores de ingreso:</p>
<ul>
<li>el usuario no fue hallado</li>
<li>usuario o correo invalido</li>
</ul></div>
2018/04/09 13:09:41 [warning] [application] CrugeFactory::getICrugeStoredUser
 **NO HALLADO** Pablo Ramos
2018/04/09 13:09:41 [warning] [application] CrugeFactory::getICrugeStoredUser
 **NO HALLADO** Pablo Ramos
2018/04/09 13:09:41 [error] [application] UiController
CrugeUser->validate es false
<div class="errorSummary"><p>Por favor corrija los siguientes errores de ingreso:</p>
<ul>
<li>el usuario no fue hallado</li>
<li>usuario o correo invalido</li>
</ul></div>
2018/04/09 13:10:25 [warning] [application] CrugeFactory::getICrugeStoredUser
 **NO HALLADO** PabloRamos
2018/04/09 13:10:25 [warning] [application] CrugeFactory::getICrugeStoredUser
 **NO HALLADO** PabloRamos
2018/04/09 13:10:25 [error] [application] UiController
CrugeUser->validate es false
<div class="errorSummary"><p>Por favor corrija los siguientes errores de ingreso:</p>
<ul>
<li>el usuario no fue hallado</li>
<li>usuario o correo invalido</li>
</ul></div>
2018/04/09 18:49:28 [warning] [application] CrugeFactory::getICrugeStoredUser
 **NO HALLADO** PabloRamos
2018/04/09 18:49:28 [warning] [application] CrugeFactory::getICrugeStoredUser
 **NO HALLADO** PabloRamos
2018/04/09 18:49:28 [error] [application] UiController
CrugeUser->validate es false
<div class="errorSummary"><p>Por favor corrija los siguientes errores de ingreso:</p>
<ul>
<li>el usuario no fue hallado</li>
<li>usuario o correo invalido</li>
</ul></div>
2018/04/09 22:55:24 [error] [system.db.CDbCommand] CDbCommand::fetchAll() falló: SQLSTATE[42S02]: Base table or view not found: 1146 Table 'sirep_app.MZGTAUTORES' doesn't exist. La sentencia SQL ejecutada fue: SELECT PK_MZGTBANCOAUTORES, CONCAT_WS(' ',MZGTBANCOAUTORES_APELLIDO_PATERNO,MZGTBANCOAUTORES_APELLIDO_MATERNO,MZGTBANCOAUTORES_PRIMER_NOMBRE,MZGTBANCOAUTORES_SEGUNDO_NOMBRE) as MZGTBANCOAUTORES_APELLIDO_PATERNO FROM `mzgtbancoautores` `t` WHERE PK_MZGTBANCOAUTORES not in (SELECT PK_MZGTBANCOAUTORES from MZGTAUTORES where PK_MZGTPUBLICACIONES = 0) ORDER BY MZGTBANCOAUTORES_APELLIDO_PATERNO.
2018/04/09 22:55:24 [error] [exception.CDbException] exception 'CDbException' with message 'CDbCommand falló al ejecutar la sentencia SQL: SQLSTATE[42S02]: Base table or view not found: 1146 Table 'sirep_app.MZGTAUTORES' doesn't exist' in /home/sirep/public_html/yii/framework/db/CDbCommand.php:543
Stack trace:
#0 /home/sirep/public_html/yii/framework/db/CDbCommand.php(396): CDbCommand->queryInternal('fetchAll', Array, Array)
#1 /home/sirep/public_html/yii/framework/db/ar/CActiveRecord.php(1359): CDbCommand->queryAll()
#2 /home/sirep/public_html/yii/framework/db/ar/CActiveRecord.php(1478): CActiveRecord->query(Object(CDbCriteria), true)
#3 /home/sirep/public_html/sirep/protected/models/Mzgtbancoautores.php(85): CActiveRecord->findAll(Array)
#4 /home/sirep/public_html/sirep/protected/views/mzgtpublicaciones/_form.php(278): Mzgtbancoautores->findBancoAutoresPorNoPublicacion(0)
#5 /home/sirep/public_html/yii/framework/web/CBaseController.php(126): require('/home/sirep/pub...')
#6 /home/sirep/public_html/yii/framework/web/CBaseController.php(95): CBaseController->renderInternal('/home/sirep/pub...', Array, true)
#7 /home/sirep/public_html/yii/framework/web/CController.php(872): CBaseController->renderFile('/home/sirep/pub...', Array, true)
#8 /home/sirep/public_html/sirep/protected/views/mzgtpublicaciones/create.php(21): CController->renderPartial('_form', Array)
#9 /home/sirep/public_html/yii/framework/web/CBaseController.php(126): require('/home/sirep/pub...')
#10 /home/sirep/public_html/yii/framework/web/CBaseController.php(95): CBaseController->renderInternal('/home/sirep/pub...', Array, true)
#11 /home/sirep/public_html/yii/framework/web/CController.php(872): CBaseController->renderFile('/home/sirep/pub...', Array, true)
#12 /home/sirep/public_html/yii/framework/web/CController.php(785): CController->renderPartial('create', Array, true)
#13 /home/sirep/public_html/sirep/protected/controllers/MzgtpublicacionesController.php(43): CController->render('create', Array)
#14 /home/sirep/public_html/yii/framework/web/actions/CInlineAction.php(49): MzgtpublicacionesController->actionCreate()
#15 /home/sirep/public_html/yii/framework/web/CController.php(308): CInlineAction->runWithParams(Array)
#16 /home/sirep/public_html/yii/framework/web/CController.php(286): CController->runAction(Object(CInlineAction))
#17 /home/sirep/public_html/yii/framework/web/CController.php(265): CController->runActionWithFilters(Object(CInlineAction), Array)
#18 /home/sirep/public_html/yii/framework/web/CWebApplication.php(282): CController->run('create')
#19 /home/sirep/public_html/yii/framework/web/CWebApplication.php(141): CWebApplication->runController('mzgtpublicacion...')
#20 /home/sirep/public_html/yii/framework/base/CApplication.php(185): CWebApplication->processRequest()
#21 /home/sirep/public_html/sirep/index.php(13): CApplication->run()
#22 {main}
REQUEST_URI=/~sirep/sirep/index.php?r=mzgtpublicaciones/create
HTTP_REFERER=http://www5.espe.edu.ec/~sirep/sirep/index.php
---
2018/04/09 22:56:57 [error] [system.db.CDbCommand] CDbCommand::fetchAll() falló: SQLSTATE[42S02]: Base table or view not found: 1146 Table 'sirep_app.MZGTAUTORES' doesn't exist. La sentencia SQL ejecutada fue: SELECT PK_MZGTBANCOAUTORES, CONCAT_WS(' ',MZGTBANCOAUTORES_APELLIDO_PATERNO,MZGTBANCOAUTORES_APELLIDO_MATERNO,MZGTBANCOAUTORES_PRIMER_NOMBRE,MZGTBANCOAUTORES_SEGUNDO_NOMBRE) as MZGTBANCOAUTORES_APELLIDO_PATERNO FROM `mzgtbancoautores` `t` WHERE PK_MZGTBANCOAUTORES not in (SELECT PK_MZGTBANCOAUTORES from MZGTAUTORES where PK_MZGTPUBLICACIONES = 1) ORDER BY MZGTBANCOAUTORES_APELLIDO_PATERNO.
2018/04/09 22:56:57 [error] [exception.CDbException] exception 'CDbException' with message 'CDbCommand falló al ejecutar la sentencia SQL: SQLSTATE[42S02]: Base table or view not found: 1146 Table 'sirep_app.MZGTAUTORES' doesn't exist' in /home/sirep/public_html/yii/framework/db/CDbCommand.php:543
Stack trace:
#0 /home/sirep/public_html/yii/framework/db/CDbCommand.php(396): CDbCommand->queryInternal('fetchAll', Array, Array)
#1 /home/sirep/public_html/yii/framework/db/ar/CActiveRecord.php(1359): CDbCommand->queryAll()
#2 /home/sirep/public_html/yii/framework/db/ar/CActiveRecord.php(1478): CActiveRecord->query(Object(CDbCriteria), true)
#3 /home/sirep/public_html/sirep/protected/models/Mzgtbancoautores.php(85): CActiveRecord->findAll(Array)
#4 /home/sirep/public_html/sirep/protected/views/mzgtpublicaciones/_form.php(278): Mzgtbancoautores->findBancoAutoresPorNoPublicacion('1')
#5 /home/sirep/public_html/yii/framework/web/CBaseController.php(126): require('/home/sirep/pub...')
#6 /home/sirep/public_html/yii/framework/web/CBaseController.php(95): CBaseController->renderInternal('/home/sirep/pub...', Array, true)
#7 /home/sirep/public_html/yii/framework/web/CController.php(872): CBaseController->renderFile('/home/sirep/pub...', Array, true)
#8 /home/sirep/public_html/sirep/protected/views/mzgtpublicaciones/update.php(23): CController->renderPartial('_form', Array)
#9 /home/sirep/public_html/yii/framework/web/CBaseController.php(126): require('/home/sirep/pub...')
#10 /home/sirep/public_html/yii/framework/web/CBaseController.php(95): CBaseController->renderInternal('/home/sirep/pub...', Array, true)
#11 /home/sirep/public_html/yii/framework/web/CController.php(872): CBaseController->renderFile('/home/sirep/pub...', Array, true)
#12 /home/sirep/public_html/yii/framework/web/CController.php(785): CController->renderPartial('update', Array, true)
#13 /home/sirep/public_html/sirep/protected/controllers/MzgtpublicacionesController.php(89): CController->render('update', Array)
#14 [internal function]: MzgtpublicacionesController->actionUpdate('1')
#15 /home/sirep/public_html/yii/framework/web/actions/CAction.php(109): ReflectionMethod->invokeArgs(Object(MzgtpublicacionesController), Array)
#16 /home/sirep/public_html/yii/framework/web/actions/CInlineAction.php(47): CAction->runWithParamsInternal(Object(MzgtpublicacionesController), Object(ReflectionMethod), Array)
#17 /home/sirep/public_html/yii/framework/web/CController.php(308): CInlineAction->runWithParams(Array)
#18 /home/sirep/public_html/yii/framework/web/CController.php(286): CController->runAction(Object(CInlineAction))
#19 /home/sirep/public_html/yii/framework/web/CController.php(265): CController->runActionWithFilters(Object(CInlineAction), Array)
#20 /home/sirep/public_html/yii/framework/web/CWebApplication.php(282): CController->run('update')
#21 /home/sirep/public_html/yii/framework/web/CWebApplication.php(141): CWebApplication->runController('mzgtpublicacion...')
#22 /home/sirep/public_html/yii/framework/base/CApplication.php(185): CWebApplication->processRequest()
#23 /home/sirep/public_html/sirep/index.php(13): CApplication->run()
#24 {main}
REQUEST_URI=/~sirep/sirep/index.php?r=mzgtpublicaciones/update&id=1
HTTP_REFERER=http://www5.espe.edu.ec/~sirep/sirep/index.php?r=mzgtpublicaciones/admin
---
2018/04/09 22:57:24 [error] [system.db.CDbCommand] CDbCommand::fetchAll() falló: SQLSTATE[42S02]: Base table or view not found: 1146 Table 'sirep_app.MZGTAUTORES' doesn't exist. La sentencia SQL ejecutada fue: SELECT PK_MZGTBANCOAUTORES, CONCAT_WS(' ',MZGTBANCOAUTORES_APELLIDO_PATERNO,MZGTBANCOAUTORES_APELLIDO_MATERNO,MZGTBANCOAUTORES_PRIMER_NOMBRE,MZGTBANCOAUTORES_SEGUNDO_NOMBRE) as MZGTBANCOAUTORES_APELLIDO_PATERNO FROM `mzgtbancoautores` `t` WHERE PK_MZGTBANCOAUTORES not in (SELECT PK_MZGTBANCOAUTORES from MZGTAUTORES where PK_MZGTPUBLICACIONES = 1) ORDER BY MZGTBANCOAUTORES_APELLIDO_PATERNO.
2018/04/09 22:57:24 [error] [exception.CDbException] exception 'CDbException' with message 'CDbCommand falló al ejecutar la sentencia SQL: SQLSTATE[42S02]: Base table or view not found: 1146 Table 'sirep_app.MZGTAUTORES' doesn't exist' in /home/sirep/public_html/yii/framework/db/CDbCommand.php:543
Stack trace:
#0 /home/sirep/public_html/yii/framework/db/CDbCommand.php(396): CDbCommand->queryInternal('fetchAll', Array, Array)
#1 /home/sirep/public_html/yii/framework/db/ar/CActiveRecord.php(1359): CDbCommand->queryAll()
#2 /home/sirep/public_html/yii/framework/db/ar/CActiveRecord.php(1478): CActiveRecord->query(Object(CDbCriteria), true)
#3 /home/sirep/public_html/sirep/protected/models/Mzgtbancoautores.php(85): CActiveRecord->findAll(Array)
#4 /home/sirep/public_html/sirep/protected/views/mzgtpublicaciones/_form.php(278): Mzgtbancoautores->findBancoAutoresPorNoPublicacion('1')
#5 /home/sirep/public_html/yii/framework/web/CBaseController.php(126): require('/home/sirep/pub...')
#6 /home/sirep/public_html/yii/framework/web/CBaseController.php(95): CBaseController->renderInternal('/home/sirep/pub...', Array, true)
#7 /home/sirep/public_html/yii/framework/web/CController.php(872): CBaseController->renderFile('/home/sirep/pub...', Array, true)
#8 /home/sirep/public_html/sirep/protected/views/mzgtpublicaciones/update.php(23): CController->renderPartial('_form', Array)
#9 /home/sirep/public_html/yii/framework/web/CBaseController.php(126): require('/home/sirep/pub...')
#10 /home/sirep/public_html/yii/framework/web/CBaseController.php(95): CBaseController->renderInternal('/home/sirep/pub...', Array, true)
#11 /home/sirep/public_html/yii/framework/web/CController.php(872): CBaseController->renderFile('/home/sirep/pub...', Array, true)
#12 /home/sirep/public_html/yii/framework/web/CController.php(785): CController->renderPartial('update', Array, true)
#13 /home/sirep/public_html/sirep/protected/controllers/MzgtpublicacionesController.php(89): CController->render('update', Array)
#14 [internal function]: MzgtpublicacionesController->actionUpdate('1')
#15 /home/sirep/public_html/yii/framework/web/actions/CAction.php(109): ReflectionMethod->invokeArgs(Object(MzgtpublicacionesController), Array)
#16 /home/sirep/public_html/yii/framework/web/actions/CInlineAction.php(47): CAction->runWithParamsInternal(Object(MzgtpublicacionesController), Object(ReflectionMethod), Array)
#17 /home/sirep/public_html/yii/framework/web/CController.php(308): CInlineAction->runWithParams(Array)
#18 /home/sirep/public_html/yii/framework/web/CController.php(286): CController->runAction(Object(CInlineAction))
#19 /home/sirep/public_html/yii/framework/web/CController.php(265): CController->runActionWithFilters(Object(CInlineAction), Array)
#20 /home/sirep/public_html/yii/framework/web/CWebApplication.php(282): CController->run('update')
#21 /home/sirep/public_html/yii/framework/web/CWebApplication.php(141): CWebApplication->runController('mzgtpublicacion...')
#22 /home/sirep/public_html/yii/framework/base/CApplication.php(185): CWebApplication->processRequest()
#23 /home/sirep/public_html/sirep/index.php(13): CApplication->run()
#24 {main}
REQUEST_URI=/~sirep/sirep/index.php?r=mzgtpublicaciones/update&id=1
HTTP_REFERER=http://www5.espe.edu.ec/~sirep/sirep/index.php?r=mzgtpublicaciones/admin
---
2018/04/09 23:01:20 [error] [php] include(MzgtbancoAutores.php): failed to open stream: No such file or directory (/home/sirep/public_html/yii/framework/YiiBase.php:432)
Stack trace:
#0 /home/sirep/public_html/sirep/protected/views/mzgtpublicaciones/_form.php(275): spl_autoload_call()
#1 /home/sirep/public_html/yii/framework/web/CBaseController.php(126): require()
#2 /home/sirep/public_html/yii/framework/web/CBaseController.php(95): MzgtpublicacionesController->renderInternal()
#3 /home/sirep/public_html/yii/framework/web/CController.php(872): MzgtpublicacionesController->renderFile()
#4 /home/sirep/public_html/sirep/protected/views/mzgtpublicaciones/update.php(23): MzgtpublicacionesController->renderPartial()
#5 /home/sirep/public_html/yii/framework/web/CBaseController.php(126): require()
#6 /home/sirep/public_html/yii/framework/web/CBaseController.php(95): MzgtpublicacionesController->renderInternal()
#7 /home/sirep/public_html/yii/framework/web/CController.php(872): MzgtpublicacionesController->renderFile()
#8 /home/sirep/public_html/yii/framework/web/CController.php(785): MzgtpublicacionesController->renderPartial()
#9 /home/sirep/public_html/sirep/protected/controllers/MzgtpublicacionesController.php(89): MzgtpublicacionesController->render()
#10 unknown(0): MzgtpublicacionesController->actionUpdate()
#11 /home/sirep/public_html/yii/framework/web/actions/CAction.php(109): ReflectionMethod->invokeArgs()
#12 /home/sirep/public_html/yii/framework/web/actions/CInlineAction.php(47): CInlineAction->runWithParamsInternal()
#13 /home/sirep/public_html/yii/framework/web/CController.php(308): CInlineAction->runWithParams()
#14 /home/sirep/public_html/yii/framework/web/CController.php(286): MzgtpublicacionesController->runAction()
#15 /home/sirep/public_html/yii/framework/web/CController.php(265): MzgtpublicacionesController->runActionWithFilters()
#16 /home/sirep/public_html/yii/framework/web/CWebApplication.php(282): MzgtpublicacionesController->run()
#17 /home/sirep/public_html/yii/framework/web/CWebApplication.php(141): CWebApplication->runController()
#18 /home/sirep/public_html/yii/framework/base/CApplication.php(185): CWebApplication->processRequest()
#19 /home/sirep/public_html/sirep/index.php(13): CWebApplication->run()
REQUEST_URI=/~sirep/sirep/index.php?r=mzgtpublicaciones/update&id=1
2018/04/09 23:02:05 [error] [system.db.CDbCommand] CDbCommand::fetchAll() falló: SQLSTATE[42S02]: Base table or view not found: 1146 Table 'sirep_app.MZGTAUTORES' doesn't exist. La sentencia SQL ejecutada fue: SELECT PK_MZGTBANCOAUTORES, CONCAT_WS(' ',MZGTBANCOAUTORES_APELLIDO_PATERNO,MZGTBANCOAUTORES_APELLIDO_MATERNO,MZGTBANCOAUTORES_PRIMER_NOMBRE,MZGTBANCOAUTORES_SEGUNDO_NOMBRE) as MZGTBANCOAUTORES_APELLIDO_PATERNO FROM `mzgtbancoautores` `t` WHERE PK_MZGTBANCOAUTORES not in (SELECT PK_MZGTBANCOAUTORES from MZGTAUTORES where PK_MZGTPUBLICACIONES = 1) ORDER BY MZGTBANCOAUTORES_APELLIDO_PATERNO.
2018/04/09 23:02:05 [error] [exception.CDbException] exception 'CDbException' with message 'CDbCommand falló al ejecutar la sentencia SQL: SQLSTATE[42S02]: Base table or view not found: 1146 Table 'sirep_app.MZGTAUTORES' doesn't exist' in /home/sirep/public_html/yii/framework/db/CDbCommand.php:543
Stack trace:
#0 /home/sirep/public_html/yii/framework/db/CDbCommand.php(396): CDbCommand->queryInternal('fetchAll', Array, Array)
#1 /home/sirep/public_html/yii/framework/db/ar/CActiveRecord.php(1359): CDbCommand->queryAll()
#2 /home/sirep/public_html/yii/framework/db/ar/CActiveRecord.php(1478): CActiveRecord->query(Object(CDbCriteria), true)
#3 /home/sirep/public_html/sirep/protected/models/Mzgtbancoautores.php(85): CActiveRecord->findAll(Array)
#4 /home/sirep/public_html/sirep/protected/views/mzgtpublicaciones/_form.php(278): Mzgtbancoautores->findBancoAutoresPorNoPublicacion('1')
#5 /home/sirep/public_html/yii/framework/web/CBaseController.php(126): require('/home/sirep/pub...')
#6 /home/sirep/public_html/yii/framework/web/CBaseController.php(95): CBaseController->renderInternal('/home/sirep/pub...', Array, true)
#7 /home/sirep/public_html/yii/framework/web/CController.php(872): CBaseController->renderFile('/home/sirep/pub...', Array, true)
#8 /home/sirep/public_html/sirep/protected/views/mzgtpublicaciones/update.php(23): CController->renderPartial('_form', Array)
#9 /home/sirep/public_html/yii/framework/web/CBaseController.php(126): require('/home/sirep/pub...')
#10 /home/sirep/public_html/yii/framework/web/CBaseController.php(95): CBaseController->renderInternal('/home/sirep/pub...', Array, true)
#11 /home/sirep/public_html/yii/framework/web/CController.php(872): CBaseController->renderFile('/home/sirep/pub...', Array, true)
#12 /home/sirep/public_html/yii/framework/web/CController.php(785): CController->renderPartial('update', Array, true)
#13 /home/sirep/public_html/sirep/protected/controllers/MzgtpublicacionesController.php(89): CController->render('update', Array)
#14 [internal function]: MzgtpublicacionesController->actionUpdate('1')
#15 /home/sirep/public_html/yii/framework/web/actions/CAction.php(109): ReflectionMethod->invokeArgs(Object(MzgtpublicacionesController), Array)
#16 /home/sirep/public_html/yii/framework/web/actions/CInlineAction.php(47): CAction->runWithParamsInternal(Object(MzgtpublicacionesController), Object(ReflectionMethod), Array)
#17 /home/sirep/public_html/yii/framework/web/CController.php(308): CInlineAction->runWithParams(Array)
#18 /home/sirep/public_html/yii/framework/web/CController.php(286): CController->runAction(Object(CInlineAction))
#19 /home/sirep/public_html/yii/framework/web/CController.php(265): CController->runActionWithFilters(Object(CInlineAction), Array)
#20 /home/sirep/public_html/yii/framework/web/CWebApplication.php(282): CController->run('update')
#21 /home/sirep/public_html/yii/framework/web/CWebApplication.php(141): CWebApplication->runController('mzgtpublicacion...')
#22 /home/sirep/public_html/yii/framework/base/CApplication.php(185): CWebApplication->processRequest()
#23 /home/sirep/public_html/sirep/index.php(13): CApplication->run()
#24 {main}
REQUEST_URI=/~sirep/sirep/index.php?r=mzgtpublicaciones/update&id=1
HTTP_REFERER=http://www5.espe.edu.ec/~sirep/sirep/index.php?r=mzgtpublicaciones/admin
---
2018/04/10 13:31:43 [warning] [application] CrugeFactory::getICrugeStoredUser
 **NO HALLADO** PabloRamos
2018/04/10 13:31:43 [warning] [application] CrugeFactory::getICrugeStoredUser
 **NO HALLADO** PabloRamos
2018/04/10 13:31:43 [error] [application] UiController
CrugeUser->validate es false
<div class="errorSummary"><p>Por favor corrija los siguientes errores de ingreso:</p>
<ul>
<li>el usuario no fue hallado</li>
<li>usuario o correo invalido</li>
</ul></div>
2018/04/10 13:32:00 [warning] [application] CrugeFactory::getICrugeStoredUser
 **NO HALLADO** pframos@espe.edu.ec
2018/04/10 13:32:00 [warning] [application] CrugeFactory::getICrugeStoredUser
 **NO HALLADO** pframos@espe.edu.ec
2018/04/10 13:32:00 [error] [application] UiController
CrugeUser->validate es false
<div class="errorSummary"><p>Por favor corrija los siguientes errores de ingreso:</p>
<ul>
<li>el usuario no fue hallado</li>
<li>usuario o correo invalido</li>
</ul></div>
2018/04/10 13:32:05 [warning] [application] CrugeFactory::getICrugeStoredUser
 **NO HALLADO** pframos@espe.edu.ec
2018/04/10 13:32:05 [warning] [application] CrugeFactory::getICrugeStoredUser
 **NO HALLADO** pframos@espe.edu.ec
2018/04/10 13:32:05 [error] [application] UiController
CrugeUser->validate es false
<div class="errorSummary"><p>Por favor corrija los siguientes errores de ingreso:</p>
<ul>
<li>el usuario no fue hallado</li>
<li>usuario o correo invalido</li>
</ul></div>
2018/04/10 19:47:31 [error] [application] UiController
CrugeUser->validate es false
<div class="errorSummary"><p>Por favor corrija los siguientes errores de ingreso:</p>
<ul>
<li>clave invalida</li>
</ul></div>
2018/04/11 14:14:56 [error] [application] UiController
CrugeUser->validate es false
<div class="errorSummary"><p>Por favor corrija los siguientes errores de ingreso:</p>
<ul>
<li>clave invalida</li>
</ul></div>
2018/04/11 14:15:32 [error] [application] UiController
CrugeUser->validate es false
<div class="errorSummary"><p>Por favor corrija los siguientes errores de ingreso:</p>
<ul>
<li>clave invalida</li>
</ul></div>
2018/04/11 17:02:49 [error] [application] UiController
CrugeUser->validate es false
<div class="errorSummary"><p>Por favor corrija los siguientes errores de ingreso:</p>
<ul>
<li>clave invalida</li>
</ul></div>
2018/04/16 16:55:44 [error] [application] UiController
CrugeUser->validate es false
<div class="errorSummary"><p>Por favor corrija los siguientes errores de ingreso:</p>
<ul>
<li>clave invalida</li>
</ul></div>
2018/05/04 14:54:42 [error] [application] UiController
CrugeUser->validate es false
<div class="errorSummary"><p>Por favor corrija los siguientes errores de ingreso:</p>
<ul>
<li>clave invalida</li>
</ul></div>
2018/07/04 00:31:58 [warning] [application] CrugeFactory::getICrugeStoredUser
 **NO HALLADO** ' or '1'='1
2018/07/04 00:31:58 [warning] [application] CrugeFactory::getICrugeStoredUser
 **NO HALLADO** ' or '1'='1
2018/07/04 00:31:58 [error] [application] UiController
CrugeUser->validate es false
<div class="errorSummary"><p>Por favor corrija los siguientes errores de ingreso:</p>
<ul>
<li>el usuario no fue hallado</li>
<li>usuario o correo invalido</li>
</ul></div>
2018/07/04 00:32:02 [warning] [application] CrugeFactory::getICrugeStoredUser
 **NO HALLADO** ' or '1'='1' --
2018/07/04 00:32:02 [warning] [application] CrugeFactory::getICrugeStoredUser
 **NO HALLADO** ' or '1'='1' --
2018/07/04 00:32:02 [error] [application] UiController
CrugeUser->validate es false
<div class="errorSummary"><p>Por favor corrija los siguientes errores de ingreso:</p>
<ul>
<li>el usuario no fue hallado</li>
<li>usuario o correo invalido</li>
</ul></div>
2018/07/04 00:32:07 [warning] [application] CrugeFactory::getICrugeStoredUser
 **NO HALLADO** ' or '1'='1' --
2018/07/04 00:32:07 [warning] [application] CrugeFactory::getICrugeStoredUser
 **NO HALLADO** ' or '1'='1' --
2018/07/04 00:32:07 [error] [application] UiController
CrugeUser->validate es false
<div class="errorSummary"><p>Por favor corrija los siguientes errores de ingreso:</p>
<ul>
<li>el usuario no fue hallado</li>
<li>usuario o correo invalido</li>
</ul></div>
2018/07/27 17:23:06 [warning] [application] CrugeFactory::getICrugeStoredUser
 **NO HALLADO** avguaman@espe.edu.ec
2018/07/27 17:23:06 [warning] [application] CrugeFactory::getICrugeStoredUser
 **NO HALLADO** avguaman@espe.edu.ec
2018/07/27 17:23:06 [error] [application] UiController
CrugeUser->validate es false
<div class="errorSummary"><p>Por favor corrija los siguientes errores de ingreso:</p>
<ul>
<li>el usuario no fue hallado</li>
<li>usuario o correo invalido</li>
</ul></div>
2018/07/27 17:23:11 [warning] [application] CrugeFactory::getICrugeStoredUser
 **NO HALLADO** avguaman
2018/07/27 17:23:11 [warning] [application] CrugeFactory::getICrugeStoredUser
 **NO HALLADO** avguaman
2018/07/27 17:23:11 [error] [application] UiController
CrugeUser->validate es false
<div class="errorSummary"><p>Por favor corrija los siguientes errores de ingreso:</p>
<ul>
<li>el usuario no fue hallado</li>
<li>usuario o correo invalido</li>
</ul></div>
2018/07/27 19:30:42 [warning] [application] CrugeFactory::getICrugeStoredUser
 **NO HALLADO** msponce@espe.edu.ec
2018/07/27 19:30:42 [warning] [application] CrugeFactory::getICrugeStoredUser
 **NO HALLADO** msponce@espe.edu.ec
2018/07/27 19:30:42 [error] [application] UiController
CrugeUser->validate es false
<div class="errorSummary"><p>Por favor corrija los siguientes errores de ingreso:</p>
<ul>
<li>el usuario no fue hallado</li>
<li>Clave de Acceso: no puede ser nulo.</li>
<li>usuario o correo invalido</li>
</ul></div>
2018/08/07 16:58:47 [error] [application] UiController
CrugeUser->validate es false
<div class="errorSummary"><p>Por favor corrija los siguientes errores de ingreso:</p>
<ul>
<li>clave invalida</li>
</ul></div>
2018/08/07 16:58:55 [error] [application] UiController
CrugeUser->validate es false
<div class="errorSummary"><p>Por favor corrija los siguientes errores de ingreso:</p>
<ul>
<li>clave invalida</li>
</ul></div>
2018/08/07 16:59:05 [error] [application] UiController
CrugeUser->validate es false
<div class="errorSummary"><p>Por favor corrija los siguientes errores de ingreso:</p>
<ul>
<li>clave invalida</li>
</ul></div>
2018/08/08 12:23:36 [warning] [application] CrugeFactory::getICrugeStoredUser
 **NO HALLADO** wecastillo1
2018/08/08 12:23:36 [warning] [application] CrugeFactory::getICrugeStoredUser
 **NO HALLADO** wecastillo1
2018/08/08 12:23:36 [error] [application] UiController
CrugeUser->validate es false
<div class="errorSummary"><p>Por favor corrija los siguientes errores de ingreso:</p>
<ul>
<li>el usuario no fue hallado</li>
<li>usuario o correo invalido</li>
</ul></div>
2018/08/08 12:38:34 [error] [application] UiController
CrugeUser->validate es false
<div class="errorSummary"><p>Por favor corrija los siguientes errores de ingreso:</p>
<ul>
<li>clave invalida</li>
</ul></div>
2018/08/08 12:38:36 [error] [application] UiController
CrugeUser->validate es false
<div class="errorSummary"><p>Por favor corrija los siguientes errores de ingreso:</p>
<ul>
<li>clave invalida</li>
</ul></div>
2018/08/08 14:30:59 [error] [application] UiController
CrugeUser->validate es false
<div class="errorSummary"><p>Por favor corrija los siguientes errores de ingreso:</p>
<ul>
<li>clave invalida</li>
</ul></div>
2018/08/16 14:03:29 [error] [application] UiController
CrugeUser->validate es false
<div class="errorSummary"><p>Por favor corrija los siguientes errores de ingreso:</p>
<ul>
<li>clave invalida</li>
</ul></div>
2018/08/16 15:51:45 [error] [application] UiController
CrugeUser->validate es false
<div class="errorSummary"><p>Por favor corrija los siguientes errores de ingreso:</p>
<ul>
<li>clave invalida</li>
</ul></div>
2018/09/10 15:53:35 [error] [application] UiController
CrugeUser->validate es false
<div class="errorSummary"><p>Por favor corrija los siguientes errores de ingreso:</p>
<ul>
<li>clave invalida</li>
</ul></div>
2018/09/22 04:24:13 [error] [exception.CHttpException.404] exception 'CHttpException' with message 'El sistema no ha podido encontrar la acción "login'"" solicitada.' in /home/sirep/public_html/yii/framework/web/CController.php:486
Stack trace:
#0 /home/sirep/public_html/yii/framework/web/CController.php(270): CController->missingAction('login'"')
#1 /home/sirep/public_html/yii/framework/web/CWebApplication.php(282): CController->run('login'"')
#2 /home/sirep/public_html/yii/framework/web/CWebApplication.php(141): CWebApplication->runController('cruge/ui/login'...')
#3 /home/sirep/public_html/yii/framework/base/CApplication.php(185): CWebApplication->processRequest()
#4 /home/sirep/public_html/sirep/index.php(13): CApplication->run()
#5 {main}
REQUEST_URI=/~sirep/sirep/index.php?r=cruge/ui/login'"
---
2018/09/22 04:24:15 [error] [exception.CHttpException.404] exception 'CHttpException' with message 'El sistema no ha podido encontrar la acción "login2121121121212.1" solicitada.' in /home/sirep/public_html/yii/framework/web/CController.php:486
Stack trace:
#0 /home/sirep/public_html/yii/framework/web/CController.php(270): CController->missingAction('login2121121121...')
#1 /home/sirep/public_html/yii/framework/web/CWebApplication.php(282): CController->run('login2121121121...')
#2 /home/sirep/public_html/yii/framework/web/CWebApplication.php(141): CWebApplication->runController('cruge/ui/login2...')
#3 /home/sirep/public_html/yii/framework/base/CApplication.php(185): CWebApplication->processRequest()
#4 /home/sirep/public_html/sirep/index.php(13): CApplication->run()
#5 {main}
REQUEST_URI=/~sirep/sirep/index.php?r=cruge/ui/login2121121121212.1
---
2018/10/01 14:40:33 [error] [application] UiController
CrugeUser->validate es false
<div class="errorSummary"><p>Por favor corrija los siguientes errores de ingreso:</p>
<ul>
<li>clave invalida</li>
</ul></div>
2018/10/01 20:06:31 [error] [application] UiController
CrugeUser->validate es false
<div class="errorSummary"><p>Por favor corrija los siguientes errores de ingreso:</p>
<ul>
<li>clave invalida</li>
</ul></div>
2019/01/17 12:03:42 [error] [application] UiController
CrugeUser->validate es false
<div class="errorSummary"><p>Por favor corrija los siguientes errores de ingreso:</p>
<ul>
<li>clave invalida</li>
</ul></div>
2019/01/21 13:59:13 [error] [exception.CHttpException.404] exception 'CHttpException' with message 'No es posible resolver la solicitud "view"' in /home/sirep/public_html/yii/framework/web/CWebApplication.php:286
Stack trace:
#0 /home/sirep/public_html/yii/framework/web/CWebApplication.php(141): CWebApplication->runController('view')
#1 /home/sirep/public_html/yii/framework/base/CApplication.php(185): CWebApplication->processRequest()
#2 /home/sirep/public_html/sirep/index.php(13): CApplication->run()
#3 {main}
REQUEST_URI=/~sirep/sirep/index.php?r=view&id=1
HTTP_REFERER=http://www5.espe.edu.ec/~sirep/sirep/index.php?r=mzgteventos/view&id=1
---
2019/01/21 13:59:16 [error] [exception.CHttpException.404] exception 'CHttpException' with message 'No es posible resolver la solicitud "view"' in /home/sirep/public_html/yii/framework/web/CWebApplication.php:286
Stack trace:
#0 /home/sirep/public_html/yii/framework/web/CWebApplication.php(141): CWebApplication->runController('view')
#1 /home/sirep/public_html/yii/framework/base/CApplication.php(185): CWebApplication->processRequest()
#2 /home/sirep/public_html/sirep/index.php(13): CApplication->run()
#3 {main}
REQUEST_URI=/~sirep/sirep/index.php?r=view&id=1
HTTP_REFERER=http://www5.espe.edu.ec/~sirep/sirep/index.php?r=mzgteventos/view&id=1
---
2019/01/21 13:59:26 [error] [exception.CHttpException.404] exception 'CHttpException' with message 'No es posible resolver la solicitud "view"' in /home/sirep/public_html/yii/framework/web/CWebApplication.php:286
Stack trace:
#0 /home/sirep/public_html/yii/framework/web/CWebApplication.php(141): CWebApplication->runController('view')
#1 /home/sirep/public_html/yii/framework/base/CApplication.php(185): CWebApplication->processRequest()
#2 /home/sirep/public_html/sirep/index.php(13): CApplication->run()
#3 {main}
REQUEST_URI=/~sirep/sirep/index.php?r=view&id=1
HTTP_REFERER=http://www5.espe.edu.ec/~sirep/sirep/index.php?r=mzgteventos/view&id=1
---
2019/01/21 13:59:42 [error] [exception.CHttpException.404] exception 'CHttpException' with message 'No es posible resolver la solicitud "view"' in /home/sirep/public_html/yii/framework/web/CWebApplication.php:286
Stack trace:
#0 /home/sirep/public_html/yii/framework/web/CWebApplication.php(141): CWebApplication->runController('view')
#1 /home/sirep/public_html/yii/framework/base/CApplication.php(185): CWebApplication->processRequest()
#2 /home/sirep/public_html/sirep/index.php(13): CApplication->run()
#3 {main}
REQUEST_URI=/~sirep/sirep/index.php?r=view&id=1
HTTP_REFERER=http://www5.espe.edu.ec/~sirep/sirep/index.php?r=mzgteventos/view&id=18
---
2019/01/21 13:59:58 [error] [exception.CHttpException.404] exception 'CHttpException' with message 'No es posible resolver la solicitud "view"' in /home/sirep/public_html/yii/framework/web/CWebApplication.php:286
Stack trace:
#0 /home/sirep/public_html/yii/framework/web/CWebApplication.php(141): CWebApplication->runController('view')
#1 /home/sirep/public_html/yii/framework/base/CApplication.php(185): CWebApplication->processRequest()
#2 /home/sirep/public_html/sirep/index.php(13): CApplication->run()
#3 {main}
REQUEST_URI=/~sirep/sirep/index.php?r=view&id=1
HTTP_REFERER=http://www5.espe.edu.ec/~sirep/sirep/index.php?r=mzgteventos/view&id=47
---
2019/01/21 14:00:01 [error] [exception.CHttpException.404] exception 'CHttpException' with message 'No es posible resolver la solicitud "view"' in /home/sirep/public_html/yii/framework/web/CWebApplication.php:286
Stack trace:
#0 /home/sirep/public_html/yii/framework/web/CWebApplication.php(141): CWebApplication->runController('view')
#1 /home/sirep/public_html/yii/framework/base/CApplication.php(185): CWebApplication->processRequest()
#2 /home/sirep/public_html/sirep/index.php(13): CApplication->run()
#3 {main}
REQUEST_URI=/~sirep/sirep/index.php?r=view&id=2
HTTP_REFERER=http://www5.espe.edu.ec/~sirep/sirep/index.php?r=mzgteventos/view&id=47
---
2019/01/21 14:01:37 [error] [exception.CHttpException.404] exception 'CHttpException' with message 'No es posible resolver la solicitud "view"' in /home/sirep/public_html/yii/framework/web/CWebApplication.php:286
Stack trace:
#0 /home/sirep/public_html/yii/framework/web/CWebApplication.php(141): CWebApplication->runController('view')
#1 /home/sirep/public_html/yii/framework/base/CApplication.php(185): CWebApplication->processRequest()
#2 /home/sirep/public_html/sirep/index.php(13): CApplication->run()
#3 {main}
REQUEST_URI=/~sirep/sirep/index.php?r=view&id=2
HTTP_REFERER=diagnostics://61/
---
2019/01/21 14:01:39 [error] [exception.CHttpException.404] exception 'CHttpException' with message 'No es posible resolver la solicitud "view"' in /home/sirep/public_html/yii/framework/web/CWebApplication.php:286
Stack trace:
#0 /home/sirep/public_html/yii/framework/web/CWebApplication.php(141): CWebApplication->runController('view')
#1 /home/sirep/public_html/yii/framework/base/CApplication.php(185): CWebApplication->processRequest()
#2 /home/sirep/public_html/sirep/index.php(13): CApplication->run()
#3 {main}
REQUEST_URI=/~sirep/sirep/index.php?r=view&id=1
HTTP_REFERER=diagnostics://61/
---
